{"C:\\Users\\jamie\\Desktop\\Backend-Elysio\\src\\app.controller.ts": {"path":"C:\\Users\\jamie\\Desktop\\Backend-Elysio\\src\\app.controller.ts","statementMap":{"0":{"start":{"line":1,"column":0},"end":{"line":1,"column":49}},"1":{"start":{"line":2,"column":0},"end":{"line":2,"column":43}},"2":{"start":{"line":5,"column":7},"end":{"line":12,"column":null}},"3":{"start":{"line":6,"column":31},"end":{"line":6,"column":43}},"4":{"start":{"line":10,"column":4},"end":{"line":10,"column":38}},"5":{"start":{"line":5,"column":13},"end":{"line":5,"column":26}},"6":{"start":{"line":9,"column":2},"end":{"line":11,"column":null}},"7":{"start":{"line":5,"column":13},"end":{"line":12,"column":null}}},"fnMap":{"0":{"name":"(anonymous_2)","decl":{"start":{"line":6,"column":2},"end":{"line":6,"column":31}},"loc":{"start":{"line":6,"column":53},"end":{"line":6,"column":57}}},"1":{"name":"(anonymous_3)","decl":{"start":{"line":9,"column":2},"end":{"line":9,"column":10}},"loc":{"start":{"line":9,"column":10},"end":{"line":11,"column":3}}}},"branchMap":{"0":{"loc":{"start":{"line":6,"column":43},"end":{"line":6,"column":56}},"type":"cond-expr","locations":[{"start":{"line":6,"column":53},"end":{"line":6,"column":56}},{"start":{"line":6,"column":53},"end":{"line":6,"column":56}}]},"1":{"loc":{"start":{"line":6,"column":43},"end":{"line":6,"column":53}},"type":"binary-expr","locations":[{"start":{"line":6,"column":43},"end":{"line":6,"column":56}},{"start":{"line":6,"column":43},"end":{"line":6,"column":53}}]}},"s":{"0":1,"1":1,"2":1,"3":1,"4":1,"5":1,"6":1,"7":1},"f":{"0":1,"1":1},"b":{"0":[1,0],"1":[1,1]}}
,"C:\\Users\\jamie\\Desktop\\Backend-Elysio\\src\\app.service.ts": {"path":"C:\\Users\\jamie\\Desktop\\Backend-Elysio\\src\\app.service.ts","statementMap":{"0":{"start":{"line":1,"column":0},"end":{"line":1,"column":44}},"1":{"start":{"line":4,"column":7},"end":{"line":8,"column":null}},"2":{"start":{"line":6,"column":4},"end":{"line":6,"column":26}},"3":{"start":{"line":4,"column":13},"end":{"line":4,"column":23}},"4":{"start":{"line":4,"column":13},"end":{"line":8,"column":null}}},"fnMap":{"0":{"name":"(anonymous_1)","decl":{"start":{"line":5,"column":2},"end":{"line":5,"column":10}},"loc":{"start":{"line":5,"column":10},"end":{"line":7,"column":3}}}},"branchMap":{},"s":{"0":1,"1":1,"2":1,"3":1,"4":1},"f":{"0":1},"b":{}}
,"C:\\Users\\jamie\\Desktop\\Backend-Elysio\\src\\auth\\auth.controller.ts": {"path":"C:\\Users\\jamie\\Desktop\\Backend-Elysio\\src\\auth\\auth.controller.ts","statementMap":{"0":{"start":{"line":1,"column":0},"end":{"line":1,"column":68}},"1":{"start":{"line":2,"column":0},"end":{"line":2,"column":45}},"2":{"start":{"line":3,"column":0},"end":{"line":3,"column":60}},"3":{"start":{"line":4,"column":0},"end":{"line":4,"column":66}},"4":{"start":{"line":5,"column":0},"end":{"line":5,"column":43}},"5":{"start":{"line":6,"column":0},"end":{"line":6,"column":62}},"6":{"start":{"line":7,"column":0},"end":{"line":7,"column":60}},"7":{"start":{"line":10,"column":7},"end":{"line":42,"column":null}},"8":{"start":{"line":11,"column":22},"end":{"line":11,"column":35}},"9":{"start":{"line":15,"column":4},"end":{"line":15,"column":50}},"10":{"start":{"line":20,"column":4},"end":{"line":20,"column":51}},"11":{"start":{"line":25,"column":4},"end":{"line":25,"column":47}},"12":{"start":{"line":30,"column":4},"end":{"line":30,"column":48}},"13":{"start":{"line":35,"column":4},"end":{"line":35,"column":47}},"14":{"start":{"line":40,"column":4},"end":{"line":40,"column":39}},"15":{"start":{"line":10,"column":13},"end":{"line":10,"column":27}},"16":{"start":{"line":14,"column":2},"end":{"line":16,"column":null}},"17":{"start":{"line":19,"column":2},"end":{"line":21,"column":null}},"18":{"start":{"line":24,"column":2},"end":{"line":26,"column":null}},"19":{"start":{"line":29,"column":2},"end":{"line":31,"column":null}},"20":{"start":{"line":34,"column":2},"end":{"line":36,"column":null}},"21":{"start":{"line":39,"column":2},"end":{"line":41,"column":null}},"22":{"start":{"line":10,"column":13},"end":{"line":42,"column":null}}},"fnMap":{"0":{"name":"(anonymous_4)","decl":{"start":{"line":11,"column":2},"end":{"line":11,"column":22}},"loc":{"start":{"line":11,"column":46},"end":{"line":11,"column":50}}},"1":{"name":"(anonymous_5)","decl":{"start":{"line":14,"column":2},"end":{"line":14,"column":12}},"loc":{"start":{"line":14,"column":42},"end":{"line":16,"column":3}}},"2":{"name":"(anonymous_6)","decl":{"start":{"line":19,"column":2},"end":{"line":19,"column":10}},"loc":{"start":{"line":19,"column":43},"end":{"line":21,"column":3}}},"3":{"name":"(anonymous_7)","decl":{"start":{"line":24,"column":2},"end":{"line":24,"column":8}},"loc":{"start":{"line":24,"column":38},"end":{"line":26,"column":3}}},"4":{"name":"(anonymous_8)","decl":{"start":{"line":29,"column":2},"end":{"line":29,"column":16}},"loc":{"start":{"line":29,"column":47},"end":{"line":31,"column":3}}},"5":{"name":"(anonymous_9)","decl":{"start":{"line":34,"column":2},"end":{"line":34,"column":15}},"loc":{"start":{"line":34,"column":45},"end":{"line":36,"column":3}}},"6":{"name":"(anonymous_10)","decl":{"start":{"line":39,"column":2},"end":{"line":39,"column":7}},"loc":{"start":{"line":39,"column":29},"end":{"line":41,"column":3}}}},"branchMap":{"0":{"loc":{"start":{"line":14,"column":26},"end":{"line":14,"column":null}},"type":"cond-expr","locations":[{"start":{"line":14,"column":42},"end":{"line":14,"column":null}},{"start":{"line":14,"column":42},"end":{"line":14,"column":null}}]},"1":{"loc":{"start":{"line":14,"column":26},"end":{"line":14,"column":42}},"type":"binary-expr","locations":[{"start":{"line":14,"column":26},"end":{"line":14,"column":null}},{"start":{"line":14,"column":26},"end":{"line":14,"column":42}}]},"2":{"loc":{"start":{"line":19,"column":24},"end":{"line":19,"column":null}},"type":"cond-expr","locations":[{"start":{"line":19,"column":43},"end":{"line":19,"column":null}},{"start":{"line":19,"column":43},"end":{"line":19,"column":null}}]},"3":{"loc":{"start":{"line":19,"column":24},"end":{"line":19,"column":43}},"type":"binary-expr","locations":[{"start":{"line":19,"column":24},"end":{"line":19,"column":null}},{"start":{"line":19,"column":24},"end":{"line":19,"column":43}}]},"4":{"loc":{"start":{"line":29,"column":30},"end":{"line":29,"column":null}},"type":"cond-expr","locations":[{"start":{"line":29,"column":47},"end":{"line":29,"column":null}},{"start":{"line":29,"column":47},"end":{"line":29,"column":null}}]},"5":{"loc":{"start":{"line":29,"column":30},"end":{"line":29,"column":47}},"type":"binary-expr","locations":[{"start":{"line":29,"column":30},"end":{"line":29,"column":null}},{"start":{"line":29,"column":30},"end":{"line":29,"column":47}}]},"6":{"loc":{"start":{"line":34,"column":29},"end":{"line":34,"column":null}},"type":"cond-expr","locations":[{"start":{"line":34,"column":45},"end":{"line":34,"column":null}},{"start":{"line":34,"column":45},"end":{"line":34,"column":null}}]},"7":{"loc":{"start":{"line":34,"column":29},"end":{"line":34,"column":45}},"type":"binary-expr","locations":[{"start":{"line":34,"column":29},"end":{"line":34,"column":null}},{"start":{"line":34,"column":29},"end":{"line":34,"column":45}}]},"8":{"loc":{"start":{"line":39,"column":21},"end":{"line":39,"column":null}},"type":"cond-expr","locations":[{"start":{"line":39,"column":29},"end":{"line":39,"column":null}},{"start":{"line":39,"column":29},"end":{"line":39,"column":null}}]},"9":{"loc":{"start":{"line":39,"column":21},"end":{"line":39,"column":29}},"type":"binary-expr","locations":[{"start":{"line":39,"column":21},"end":{"line":39,"column":null}},{"start":{"line":39,"column":21},"end":{"line":39,"column":29}}]},"10":{"loc":{"start":{"line":11,"column":35},"end":{"line":11,"column":49}},"type":"cond-expr","locations":[{"start":{"line":11,"column":46},"end":{"line":11,"column":49}},{"start":{"line":11,"column":46},"end":{"line":11,"column":49}}]},"11":{"loc":{"start":{"line":11,"column":35},"end":{"line":11,"column":46}},"type":"binary-expr","locations":[{"start":{"line":11,"column":35},"end":{"line":11,"column":49}},{"start":{"line":11,"column":35},"end":{"line":11,"column":46}}]}},"s":{"0":0,"1":0,"2":0,"3":0,"4":0,"5":0,"6":0,"7":0,"8":0,"9":0,"10":0,"11":0,"12":0,"13":0,"14":0,"15":0,"16":0,"17":0,"18":0,"19":0,"20":0,"21":0,"22":0},"f":{"0":0,"1":0,"2":0,"3":0,"4":0,"5":0,"6":0},"b":{"0":[0,0],"1":[0,0],"2":[0,0],"3":[0,0],"4":[0,0],"5":[0,0],"6":[0,0],"7":[0,0],"8":[0,0],"9":[0,0],"10":[0,0],"11":[0,0]}}
,"C:\\Users\\jamie\\Desktop\\Backend-Elysio\\src\\auth\\auth.gateway.ts": {"path":"C:\\Users\\jamie\\Desktop\\Backend-Elysio\\src\\auth\\auth.gateway.ts","statementMap":{"0":{"start":{"line":1,"column":0},"end":{"line":1,"column":71}},"1":{"start":{"line":2,"column":0},"end":{"line":2,"column":35}},"2":{"start":{"line":8,"column":7},"end":{"line":15,"column":null}},"3":{"start":{"line":13,"column":4},"end":{"line":13,"column":49}},"4":{"start":{"line":8,"column":13},"end":{"line":8,"column":24}},"5":{"start":{"line":10,"column":2},"end":{"line":10,"column":null}},"6":{"start":{"line":8,"column":13},"end":{"line":15,"column":null}}},"fnMap":{"0":{"name":"(anonymous_2)","decl":{"start":{"line":12,"column":2},"end":{"line":12,"column":19}},"loc":{"start":{"line":12,"column":33},"end":{"line":14,"column":3}}}},"branchMap":{"0":{"loc":{"start":{"line":10,"column":10},"end":{"line":10,"column":17}},"type":"cond-expr","locations":[{"start":{"line":10,"column":16},"end":{"line":10,"column":17}},{"start":{"line":10,"column":16},"end":{"line":10,"column":17}}]},"1":{"loc":{"start":{"line":10,"column":10},"end":{"line":10,"column":16}},"type":"binary-expr","locations":[{"start":{"line":10,"column":10},"end":{"line":10,"column":17}},{"start":{"line":10,"column":10},"end":{"line":10,"column":16}}]}},"s":{"0":0,"1":0,"2":0,"3":0,"4":0,"5":0,"6":0},"f":{"0":0},"b":{"0":[0,0],"1":[0,0]}}
,"C:\\Users\\jamie\\Desktop\\Backend-Elysio\\src\\auth\\auth.service.ts": {"path":"C:\\Users\\jamie\\Desktop\\Backend-Elysio\\src\\auth\\auth.service.ts","statementMap":{"0":{"start":{"line":1,"column":0},"end":{"line":1,"column":null}},"1":{"start":{"line":6,"column":0},"end":{"line":6,"column":37}},"2":{"start":{"line":7,"column":0},"end":{"line":7,"column":41}},"3":{"start":{"line":8,"column":0},"end":{"line":8,"column":54}},"4":{"start":{"line":9,"column":0},"end":{"line":9,"column":54}},"5":{"start":{"line":10,"column":0},"end":{"line":10,"column":61}},"6":{"start":{"line":11,"column":0},"end":{"line":11,"column":45}},"7":{"start":{"line":13,"column":0},"end":{"line":13,"column":33}},"8":{"start":{"line":15,"column":0},"end":{"line":15,"column":74}},"9":{"start":{"line":16,"column":0},"end":{"line":16,"column":65}},"10":{"start":{"line":17,"column":0},"end":{"line":17,"column":51}},"11":{"start":{"line":18,"column":0},"end":{"line":18,"column":64}},"12":{"start":{"line":23,"column":7},"end":{"line":159,"column":null}},"13":{"start":{"line":25,"column":12},"end":{"line":25,"column":26}},"14":{"start":{"line":26,"column":12},"end":{"line":26,"column":26}},"15":{"start":{"line":27,"column":12},"end":{"line":27,"column":33}},"16":{"start":{"line":28,"column":12},"end":{"line":28,"column":21}},"17":{"start":{"line":29,"column":12},"end":{"line":29,"column":24}},"18":{"start":{"line":30,"column":12},"end":{"line":30,"column":34}},"19":{"start":{"line":33,"column":12},"end":{"line":33,"column":30}},"20":{"start":{"line":36,"column":12},"end":{"line":36,"column":26}},"21":{"start":{"line":40,"column":19},"end":{"line":43,"column":25}},"22":{"start":{"line":42,"column":18},"end":{"line":42,"column":22}},"23":{"start":{"line":43,"column":19},"end":{"line":43,"column":24}},"24":{"start":{"line":45,"column":4},"end":{"line":47,"column":5}},"25":{"start":{"line":46,"column":6},"end":{"line":46,"column":60}},"26":{"start":{"line":49,"column":4},"end":{"line":49,"column":31}},"27":{"start":{"line":53,"column":18},"end":{"line":53,"column":71}},"28":{"start":{"line":55,"column":4},"end":{"line":55,"column":68}},"29":{"start":{"line":57,"column":4},"end":{"line":59,"column":6}},"30":{"start":{"line":63,"column":20},"end":{"line":63,"column":65}},"31":{"start":{"line":65,"column":4},"end":{"line":67,"column":5}},"32":{"start":{"line":66,"column":6},"end":{"line":66,"column":53}},"33":{"start":{"line":69,"column":39},"end":{"line":69,"column":46}},"34":{"start":{"line":71,"column":17},"end":{"line":74,"column":6}},"35":{"start":{"line":76,"column":4},"end":{"line":87,"column":5}},"36":{"start":{"line":77,"column":31},"end":{"line":77,"column":75}},"37":{"start":{"line":79,"column":28},"end":{"line":83,"column":null}},"38":{"start":{"line":80,"column":8},"end":{"line":83,"column":10}},"39":{"start":{"line":86,"column":6},"end":{"line":86,"column":54}},"40":{"start":{"line":89,"column":4},"end":{"line":89,"column":47}},"41":{"start":{"line":91,"column":4},"end":{"line":91,"column":29}},"42":{"start":{"line":95,"column":17},"end":{"line":95,"column":63}},"43":{"start":{"line":97,"column":4},"end":{"line":99,"column":5}},"44":{"start":{"line":98,"column":6},"end":{"line":98,"column":70}},"45":{"start":{"line":101,"column":18},"end":{"line":101,"column":72}},"46":{"start":{"line":103,"column":4},"end":{"line":103,"column":69}},"47":{"start":{"line":105,"column":4},"end":{"line":107,"column":6}},"48":{"start":{"line":111,"column":18},"end":{"line":111,"column":68}},"49":{"start":{"line":113,"column":17},"end":{"line":113,"column":59}},"50":{"start":{"line":115,"column":19},"end":{"line":115,"column":54}},"51":{"start":{"line":117,"column":4},"end":{"line":117,"column":27}},"52":{"start":{"line":119,"column":4},"end":{"line":119,"column":39}},"53":{"start":{"line":121,"column":4},"end":{"line":121,"column":29}},"54":{"start":{"line":127,"column":4},"end":{"line":138,"column":5}},"55":{"start":{"line":128,"column":6},"end":{"line":128,"column":60}},"56":{"start":{"line":129,"column":11},"end":{"line":138,"column":5}},"57":{"start":{"line":130,"column":6},"end":{"line":133,"column":8}},"58":{"start":{"line":135,"column":6},"end":{"line":137,"column":8}},"59":{"start":{"line":140,"column":4},"end":{"line":142,"column":5}},"60":{"start":{"line":141,"column":6},"end":{"line":141,"column":61}},"61":{"start":{"line":144,"column":20},"end":{"line":144,"column":69}},"62":{"start":{"line":146,"column":4},"end":{"line":148,"column":5}},"63":{"start":{"line":147,"column":6},"end":{"line":147,"column":61}},"64":{"start":{"line":150,"column":4},"end":{"line":150,"column":39}},"65":{"start":{"line":153,"column":20},"end":{"line":153,"column":35}},"66":{"start":{"line":155,"column":4},"end":{"line":157,"column":6}},"67":{"start":{"line":23,"column":13},"end":{"line":23,"column":24}},"68":{"start":{"line":23,"column":13},"end":{"line":159,"column":null}}},"fnMap":{"0":{"name":"(anonymous_13)","decl":{"start":{"line":24,"column":2},"end":{"line":24,"column":null}},"loc":{"start":{"line":36,"column":46},"end":{"line":37,"column":6}}},"1":{"name":"(anonymous_14)","decl":{"start":{"line":39,"column":2},"end":{"line":39,"column":7}},"loc":{"start":{"line":39,"column":32},"end":{"line":50,"column":3}}},"2":{"name":"(anonymous_15)","decl":{"start":{"line":42,"column":12},"end":{"line":42,"column":15}},"loc":{"start":{"line":42,"column":18},"end":{"line":42,"column":22}}},"3":{"name":"(anonymous_16)","decl":{"start":{"line":43,"column":13},"end":{"line":43,"column":16}},"loc":{"start":{"line":43,"column":19},"end":{"line":43,"column":24}}},"4":{"name":"(anonymous_17)","decl":{"start":{"line":52,"column":2},"end":{"line":52,"column":7}},"loc":{"start":{"line":52,"column":50},"end":{"line":60,"column":3}}},"5":{"name":"(anonymous_18)","decl":{"start":{"line":62,"column":2},"end":{"line":62,"column":7}},"loc":{"start":{"line":62,"column":33},"end":{"line":92,"column":3}}},"6":{"name":"(anonymous_19)","decl":{"start":{"line":79,"column":49},"end":{"line":79,"column":50}},"loc":{"start":{"line":80,"column":8},"end":{"line":83,"column":10}}},"7":{"name":"(anonymous_20)","decl":{"start":{"line":94,"column":2},"end":{"line":94,"column":7}},"loc":{"start":{"line":94,"column":45},"end":{"line":108,"column":3}}},"8":{"name":"(anonymous_21)","decl":{"start":{"line":110,"column":2},"end":{"line":110,"column":7}},"loc":{"start":{"line":110,"column":43},"end":{"line":122,"column":3}}},"9":{"name":"(anonymous_22)","decl":{"start":{"line":124,"column":2},"end":{"line":124,"column":7}},"loc":{"start":{"line":124,"column":27},"end":{"line":151,"column":3}}},"10":{"name":"(anonymous_23)","decl":{"start":{"line":152,"column":10},"end":{"line":152,"column":23}},"loc":{"start":{"line":152,"column":38},"end":{"line":158,"column":3}}}},"branchMap":{"0":{"loc":{"start":{"line":45,"column":4},"end":{"line":47,"column":5}},"type":"if","locations":[{"start":{"line":45,"column":4},"end":{"line":47,"column":5}},{"start":{},"end":{}}]},"1":{"loc":{"start":{"line":65,"column":4},"end":{"line":67,"column":5}},"type":"if","locations":[{"start":{"line":65,"column":4},"end":{"line":67,"column":5}},{"start":{},"end":{}}]},"2":{"loc":{"start":{"line":76,"column":4},"end":{"line":87,"column":5}},"type":"if","locations":[{"start":{"line":76,"column":4},"end":{"line":87,"column":5}},{"start":{},"end":{}}]},"3":{"loc":{"start":{"line":76,"column":8},"end":{"line":76,"column":41}},"type":"binary-expr","locations":[{"start":{"line":76,"column":8},"end":{"line":76,"column":17}},{"start":{"line":76,"column":21},"end":{"line":76,"column":41}}]},"4":{"loc":{"start":{"line":97,"column":4},"end":{"line":99,"column":5}},"type":"if","locations":[{"start":{"line":97,"column":4},"end":{"line":99,"column":5}},{"start":{},"end":{}}]},"5":{"loc":{"start":{"line":127,"column":4},"end":{"line":138,"column":5}},"type":"if","locations":[{"start":{"line":127,"column":4},"end":{"line":138,"column":5}},{"start":{"line":129,"column":11},"end":{"line":138,"column":5}}]},"6":{"loc":{"start":{"line":129,"column":11},"end":{"line":138,"column":5}},"type":"if","locations":[{"start":{"line":129,"column":11},"end":{"line":138,"column":5}},{"start":{"line":134,"column":11},"end":{"line":138,"column":5}}]},"7":{"loc":{"start":{"line":129,"column":15},"end":{"line":129,"column":49}},"type":"binary-expr","locations":[{"start":{"line":129,"column":15},"end":{"line":129,"column":30}},{"start":{"line":129,"column":34},"end":{"line":129,"column":49}}]},"8":{"loc":{"start":{"line":140,"column":4},"end":{"line":142,"column":5}},"type":"if","locations":[{"start":{"line":140,"column":4},"end":{"line":142,"column":5}},{"start":{},"end":{}}]},"9":{"loc":{"start":{"line":146,"column":4},"end":{"line":148,"column":5}},"type":"if","locations":[{"start":{"line":146,"column":4},"end":{"line":148,"column":5}},{"start":{},"end":{}}]},"10":{"loc":{"start":{"line":25,"column":26},"end":{"line":25,"column":null}},"type":"cond-expr","locations":[{"start":{"line":25,"column":38},"end":{"line":25,"column":null}},{"start":{"line":25,"column":38},"end":{"line":25,"column":null}}]},"11":{"loc":{"start":{"line":25,"column":26},"end":{"line":25,"column":38}},"type":"binary-expr","locations":[{"start":{"line":25,"column":26},"end":{"line":25,"column":null}},{"start":{"line":25,"column":26},"end":{"line":25,"column":38}}]},"12":{"loc":{"start":{"line":25,"column":38},"end":{"line":26,"column":null}},"type":"cond-expr","locations":[{"start":{"line":26,"column":38},"end":{"line":26,"column":null}},{"start":{"line":26,"column":38},"end":{"line":26,"column":null}}]},"13":{"loc":{"start":{"line":25,"column":38},"end":{"line":26,"column":38}},"type":"binary-expr","locations":[{"start":{"line":25,"column":38},"end":{"line":26,"column":null}},{"start":{"line":26,"column":26},"end":{"line":26,"column":38}}]},"14":{"loc":{"start":{"line":26,"column":38},"end":{"line":27,"column":null}},"type":"cond-expr","locations":[{"start":{"line":27,"column":52},"end":{"line":27,"column":null}},{"start":{"line":27,"column":52},"end":{"line":27,"column":null}}]},"15":{"loc":{"start":{"line":26,"column":38},"end":{"line":27,"column":52}},"type":"binary-expr","locations":[{"start":{"line":26,"column":38},"end":{"line":27,"column":null}},{"start":{"line":27,"column":33},"end":{"line":27,"column":52}}]},"16":{"loc":{"start":{"line":27,"column":52},"end":{"line":28,"column":null}},"type":"cond-expr","locations":[{"start":{"line":28,"column":32},"end":{"line":28,"column":null}},{"start":{"line":28,"column":32},"end":{"line":28,"column":null}}]},"17":{"loc":{"start":{"line":27,"column":52},"end":{"line":28,"column":32}},"type":"binary-expr","locations":[{"start":{"line":27,"column":52},"end":{"line":28,"column":null}},{"start":{"line":28,"column":21},"end":{"line":28,"column":32}}]},"18":{"loc":{"start":{"line":28,"column":32},"end":{"line":29,"column":null}},"type":"cond-expr","locations":[{"start":{"line":29,"column":34},"end":{"line":29,"column":null}},{"start":{"line":29,"column":34},"end":{"line":29,"column":null}}]},"19":{"loc":{"start":{"line":28,"column":32},"end":{"line":29,"column":34}},"type":"binary-expr","locations":[{"start":{"line":28,"column":32},"end":{"line":29,"column":null}},{"start":{"line":29,"column":24},"end":{"line":29,"column":34}}]},"20":{"loc":{"start":{"line":29,"column":34},"end":{"line":30,"column":null}},"type":"cond-expr","locations":[{"start":{"line":30,"column":54},"end":{"line":30,"column":null}},{"start":{"line":30,"column":54},"end":{"line":30,"column":null}}]},"21":{"loc":{"start":{"line":29,"column":34},"end":{"line":30,"column":54}},"type":"binary-expr","locations":[{"start":{"line":29,"column":34},"end":{"line":30,"column":null}},{"start":{"line":30,"column":34},"end":{"line":30,"column":54}}]},"22":{"loc":{"start":{"line":30,"column":54},"end":{"line":33,"column":54}},"type":"cond-expr","locations":[{"start":{"line":33,"column":40},"end":{"line":33,"column":54}},{"start":{"line":33,"column":40},"end":{"line":33,"column":54}}]},"23":{"loc":{"start":{"line":30,"column":54},"end":{"line":33,"column":40}},"type":"binary-expr","locations":[{"start":{"line":30,"column":54},"end":{"line":33,"column":54}},{"start":{"line":33,"column":30},"end":{"line":33,"column":40}}]},"24":{"loc":{"start":{"line":33,"column":40},"end":{"line":36,"column":46}},"type":"cond-expr","locations":[{"start":{"line":36,"column":36},"end":{"line":36,"column":46}},{"start":{"line":36,"column":36},"end":{"line":36,"column":46}}]},"25":{"loc":{"start":{"line":33,"column":40},"end":{"line":36,"column":36}},"type":"binary-expr","locations":[{"start":{"line":33,"column":40},"end":{"line":36,"column":46}},{"start":{"line":36,"column":26},"end":{"line":36,"column":36}}]}},"s":{"0":0,"1":0,"2":0,"3":0,"4":0,"5":0,"6":0,"7":0,"8":0,"9":0,"10":0,"11":0,"12":0,"13":0,"14":0,"15":0,"16":0,"17":0,"18":0,"19":0,"20":0,"21":0,"22":0,"23":0,"24":0,"25":0,"26":0,"27":0,"28":0,"29":0,"30":0,"31":0,"32":0,"33":0,"34":0,"35":0,"36":0,"37":0,"38":0,"39":0,"40":0,"41":0,"42":0,"43":0,"44":0,"45":0,"46":0,"47":0,"48":0,"49":0,"50":0,"51":0,"52":0,"53":0,"54":0,"55":0,"56":0,"57":0,"58":0,"59":0,"60":0,"61":0,"62":0,"63":0,"64":0,"65":0,"66":0,"67":0,"68":0},"f":{"0":0,"1":0,"2":0,"3":0,"4":0,"5":0,"6":0,"7":0,"8":0,"9":0,"10":0},"b":{"0":[0,0],"1":[0,0],"2":[0,0],"3":[0,0],"4":[0,0],"5":[0,0],"6":[0,0],"7":[0,0],"8":[0,0],"9":[0,0],"10":[0,0],"11":[0,0],"12":[0,0],"13":[0,0],"14":[0,0],"15":[0,0],"16":[0,0],"17":[0,0],"18":[0,0],"19":[0,0],"20":[0,0],"21":[0,0],"22":[0,0],"23":[0,0],"24":[0,0],"25":[0,0]}}
,"C:\\Users\\jamie\\Desktop\\Backend-Elysio\\src\\auth\\jwt.strategy.ts": {"path":"C:\\Users\\jamie\\Desktop\\Backend-Elysio\\src\\auth\\jwt.strategy.ts","statementMap":{"0":{"start":{"line":1,"column":0},"end":{"line":1,"column":44}},"1":{"start":{"line":2,"column":0},"end":{"line":2,"column":52}},"2":{"start":{"line":3,"column":0},"end":{"line":3,"column":52}},"3":{"start":{"line":4,"column":0},"end":{"line":4,"column":47}},"4":{"start":{"line":7,"column":7},"end":{"line":19,"column":null}},"5":{"start":{"line":9,"column":4},"end":{"line":13,"column":7}},"6":{"start":{"line":17,"column":4},"end":{"line":17,"column":35}},"7":{"start":{"line":7,"column":13},"end":{"line":7,"column":24}},"8":{"start":{"line":7,"column":13},"end":{"line":19,"column":null}}},"fnMap":{"0":{"name":"(anonymous_2)","decl":{"start":{"line":8,"column":2},"end":{"line":8,"column":14}},"loc":{"start":{"line":8,"column":35},"end":{"line":14,"column":3}}},"1":{"name":"(anonymous_3)","decl":{"start":{"line":16,"column":2},"end":{"line":16,"column":7}},"loc":{"start":{"line":16,"column":29},"end":{"line":18,"column":3}}}},"branchMap":{"0":{"loc":{"start":{"line":8,"column":22},"end":{"line":8,"column":null}},"type":"cond-expr","locations":[{"start":{"line":8,"column":35},"end":{"line":8,"column":null}},{"start":{"line":8,"column":35},"end":{"line":8,"column":null}}]},"1":{"loc":{"start":{"line":8,"column":22},"end":{"line":8,"column":35}},"type":"binary-expr","locations":[{"start":{"line":8,"column":22},"end":{"line":8,"column":null}},{"start":{"line":8,"column":22},"end":{"line":8,"column":35}}]}},"s":{"0":0,"1":0,"2":0,"3":0,"4":0,"5":0,"6":0,"7":0,"8":0},"f":{"0":0,"1":0},"b":{"0":[0,0],"1":[0,0]}}
,"C:\\Users\\jamie\\Desktop\\Backend-Elysio\\src\\auth\\password-reset.service.ts": {"path":"C:\\Users\\jamie\\Desktop\\Backend-Elysio\\src\\auth\\password-reset.service.ts","statementMap":{"0":{"start":{"line":1,"column":0},"end":{"line":1,"column":65}},"1":{"start":{"line":2,"column":0},"end":{"line":2,"column":51}},"2":{"start":{"line":3,"column":0},"end":{"line":3,"column":37}},"3":{"start":{"line":4,"column":0},"end":{"line":4,"column":86}},"4":{"start":{"line":5,"column":0},"end":{"line":5,"column":36}},"5":{"start":{"line":8,"column":7},"end":{"line":48,"column":null}},"6":{"start":{"line":11,"column":12},"end":{"line":11,"column":18}},"7":{"start":{"line":15,"column":18},"end":{"line":15,"column":30}},"8":{"start":{"line":17,"column":20},"end":{"line":17,"column":30}},"9":{"start":{"line":18,"column":4},"end":{"line":18,"column":50}},"10":{"start":{"line":20,"column":18},"end":{"line":24,"column":6}},"11":{"start":{"line":26,"column":4},"end":{"line":26,"column":32}},"12":{"start":{"line":28,"column":4},"end":{"line":28,"column":17}},"13":{"start":{"line":32,"column":19},"end":{"line":34,"column":6}},"14":{"start":{"line":36,"column":4},"end":{"line":38,"column":5}},"15":{"start":{"line":37,"column":6},"end":{"line":37,"column":53}},"16":{"start":{"line":40,"column":4},"end":{"line":42,"column":5}},"17":{"start":{"line":41,"column":6},"end":{"line":41,"column":53}},"18":{"start":{"line":44,"column":4},"end":{"line":44,"column":46}},"19":{"start":{"line":46,"column":4},"end":{"line":46,"column":24}},"20":{"start":{"line":8,"column":13},"end":{"line":8,"column":33}},"21":{"start":{"line":8,"column":13},"end":{"line":48,"column":null}}},"fnMap":{"0":{"name":"(anonymous_4)","decl":{"start":{"line":9,"column":2},"end":{"line":9,"column":null}},"loc":{"start":{"line":11,"column":48},"end":{"line":12,"column":6}}},"1":{"name":"(anonymous_5)","decl":{"start":{"line":14,"column":2},"end":{"line":14,"column":7}},"loc":{"start":{"line":14,"column":33},"end":{"line":29,"column":3}}},"2":{"name":"(anonymous_6)","decl":{"start":{"line":31,"column":2},"end":{"line":31,"column":7}},"loc":{"start":{"line":31,"column":29},"end":{"line":47,"column":3}}}},"branchMap":{"0":{"loc":{"start":{"line":36,"column":4},"end":{"line":38,"column":5}},"type":"if","locations":[{"start":{"line":36,"column":4},"end":{"line":38,"column":5}},{"start":{},"end":{}}]},"1":{"loc":{"start":{"line":40,"column":4},"end":{"line":42,"column":5}},"type":"if","locations":[{"start":{"line":40,"column":4},"end":{"line":42,"column":5}},{"start":{},"end":{}}]},"2":{"loc":{"start":{"line":11,"column":18},"end":{"line":11,"column":48}},"type":"cond-expr","locations":[{"start":{"line":11,"column":28},"end":{"line":11,"column":48}},{"start":{"line":11,"column":28},"end":{"line":11,"column":48}}]},"3":{"loc":{"start":{"line":11,"column":18},"end":{"line":11,"column":28}},"type":"binary-expr","locations":[{"start":{"line":11,"column":18},"end":{"line":11,"column":48}},{"start":{"line":11,"column":18},"end":{"line":11,"column":28}}]}},"s":{"0":0,"1":0,"2":0,"3":0,"4":0,"5":0,"6":0,"7":0,"8":0,"9":0,"10":0,"11":0,"12":0,"13":0,"14":0,"15":0,"16":0,"17":0,"18":0,"19":0,"20":0,"21":0},"f":{"0":0,"1":0,"2":0},"b":{"0":[0,0],"1":[0,0],"2":[0,0],"3":[0,0]}}
,"C:\\Users\\jamie\\Desktop\\Backend-Elysio\\src\\auth\\verification.service.ts": {"path":"C:\\Users\\jamie\\Desktop\\Backend-Elysio\\src\\auth\\verification.service.ts","statementMap":{"0":{"start":{"line":1,"column":0},"end":{"line":1,"column":44}},"1":{"start":{"line":2,"column":0},"end":{"line":2,"column":51}},"2":{"start":{"line":3,"column":0},"end":{"line":3,"column":37}},"3":{"start":{"line":4,"column":0},"end":{"line":4,"column":83}},"4":{"start":{"line":5,"column":0},"end":{"line":5,"column":36}},"5":{"start":{"line":10,"column":7},"end":{"line":40,"column":null}},"6":{"start":{"line":13,"column":12},"end":{"line":13,"column":18}},"7":{"start":{"line":17,"column":18},"end":{"line":17,"column":30}},"8":{"start":{"line":19,"column":19},"end":{"line":23,"column":6}},"9":{"start":{"line":25,"column":4},"end":{"line":25,"column":33}},"10":{"start":{"line":26,"column":4},"end":{"line":26,"column":17}},"11":{"start":{"line":30,"column":19},"end":{"line":32,"column":6}},"12":{"start":{"line":34,"column":4},"end":{"line":34,"column":29}},"13":{"start":{"line":34,"column":17},"end":{"line":34,"column":29}},"14":{"start":{"line":36,"column":4},"end":{"line":36,"column":38}},"15":{"start":{"line":38,"column":4},"end":{"line":38,"column":26}},"16":{"start":{"line":10,"column":13},"end":{"line":10,"column":32}},"17":{"start":{"line":10,"column":13},"end":{"line":40,"column":null}}},"fnMap":{"0":{"name":"(anonymous_4)","decl":{"start":{"line":11,"column":2},"end":{"line":11,"column":null}},"loc":{"start":{"line":13,"column":47},"end":{"line":14,"column":6}}},"1":{"name":"(anonymous_5)","decl":{"start":{"line":16,"column":2},"end":{"line":16,"column":7}},"loc":{"start":{"line":16,"column":42},"end":{"line":27,"column":3}}},"2":{"name":"(anonymous_6)","decl":{"start":{"line":29,"column":2},"end":{"line":29,"column":7}},"loc":{"start":{"line":29,"column":29},"end":{"line":39,"column":3}}}},"branchMap":{"0":{"loc":{"start":{"line":34,"column":4},"end":{"line":34,"column":29}},"type":"if","locations":[{"start":{"line":34,"column":4},"end":{"line":34,"column":29}},{"start":{},"end":{}}]},"1":{"loc":{"start":{"line":13,"column":18},"end":{"line":13,"column":47}},"type":"cond-expr","locations":[{"start":{"line":13,"column":28},"end":{"line":13,"column":47}},{"start":{"line":13,"column":28},"end":{"line":13,"column":47}}]},"2":{"loc":{"start":{"line":13,"column":18},"end":{"line":13,"column":28}},"type":"binary-expr","locations":[{"start":{"line":13,"column":18},"end":{"line":13,"column":47}},{"start":{"line":13,"column":18},"end":{"line":13,"column":28}}]}},"s":{"0":0,"1":0,"2":0,"3":0,"4":0,"5":0,"6":0,"7":0,"8":0,"9":0,"10":0,"11":0,"12":0,"13":0,"14":0,"15":0,"16":0,"17":0},"f":{"0":0,"1":0,"2":0},"b":{"0":[0,0],"1":[0,0],"2":[0,0]}}
,"C:\\Users\\jamie\\Desktop\\Backend-Elysio\\src\\email\\email.controller.ts": {"path":"C:\\Users\\jamie\\Desktop\\Backend-Elysio\\src\\email\\email.controller.ts","statementMap":{"0":{"start":{"line":1,"column":0},"end":{"line":1,"column":44}},"1":{"start":{"line":2,"column":0},"end":{"line":2,"column":47}},"2":{"start":{"line":5,"column":7},"end":{"line":7,"column":null}},"3":{"start":{"line":6,"column":31},"end":{"line":6,"column":45}},"4":{"start":{"line":5,"column":13},"end":{"line":5,"column":28}},"5":{"start":{"line":5,"column":13},"end":{"line":7,"column":null}}},"fnMap":{"0":{"name":"(anonymous_2)","decl":{"start":{"line":6,"column":2},"end":{"line":6,"column":31}},"loc":{"start":{"line":6,"column":57},"end":{"line":6,"column":61}}}},"branchMap":{"0":{"loc":{"start":{"line":6,"column":45},"end":{"line":6,"column":60}},"type":"cond-expr","locations":[{"start":{"line":6,"column":57},"end":{"line":6,"column":60}},{"start":{"line":6,"column":57},"end":{"line":6,"column":60}}]},"1":{"loc":{"start":{"line":6,"column":45},"end":{"line":6,"column":57}},"type":"binary-expr","locations":[{"start":{"line":6,"column":45},"end":{"line":6,"column":60}},{"start":{"line":6,"column":45},"end":{"line":6,"column":57}}]}},"s":{"0":1,"1":1,"2":1,"3":1,"4":1,"5":1},"f":{"0":1},"b":{"0":[1,0],"1":[1,1]}}
,"C:\\Users\\jamie\\Desktop\\Backend-Elysio\\src\\email\\email.service.ts": {"path":"C:\\Users\\jamie\\Desktop\\Backend-Elysio\\src\\email\\email.service.ts","statementMap":{"0":{"start":{"line":1,"column":0},"end":{"line":1,"column":44}},"1":{"start":{"line":2,"column":0},"end":{"line":2,"column":41}},"2":{"start":{"line":6,"column":7},"end":{"line":61,"column":null}},"3":{"start":{"line":7,"column":24},"end":{"line":15,"column":4}},"4":{"start":{"line":18,"column":4},"end":{"line":23,"column":7}},"5":{"start":{"line":27,"column":22},"end":{"line":27,"column":102}},"6":{"start":{"line":29,"column":4},"end":{"line":41,"column":6}},"7":{"start":{"line":45,"column":21},"end":{"line":45,"column":85}},"8":{"start":{"line":47,"column":4},"end":{"line":59,"column":6}},"9":{"start":{"line":6,"column":13},"end":{"line":6,"column":25}},"10":{"start":{"line":6,"column":13},"end":{"line":61,"column":null}}},"fnMap":{"0":{"name":"(anonymous_10)","decl":{"start":{"line":17,"column":10},"end":{"line":17,"column":15}},"loc":{"start":{"line":17,"column":66},"end":{"line":24,"column":3}}},"1":{"name":"(anonymous_11)","decl":{"start":{"line":26,"column":2},"end":{"line":26,"column":7}},"loc":{"start":{"line":26,"column":58},"end":{"line":42,"column":3}}},"2":{"name":"(anonymous_12)","decl":{"start":{"line":44,"column":2},"end":{"line":44,"column":7}},"loc":{"start":{"line":44,"column":59},"end":{"line":60,"column":3}}}},"branchMap":{"0":{"loc":{"start":{"line":9,"column":10},"end":{"line":9,"column":46}},"type":"binary-expr","locations":[{"start":{"line":9,"column":10},"end":{"line":9,"column":39}},{"start":{"line":9,"column":43},"end":{"line":9,"column":46}}]}},"s":{"0":2,"1":2,"2":2,"3":2,"4":0,"5":0,"6":0,"7":0,"8":0,"9":2,"10":2},"f":{"0":0,"1":0,"2":0},"b":{"0":[2,2]}}
,"C:\\Users\\jamie\\Desktop\\Backend-Elysio\\src\\interests\\interests.controller.ts": {"path":"C:\\Users\\jamie\\Desktop\\Backend-Elysio\\src\\interests\\interests.controller.ts","statementMap":{"0":{"start":{"line":1,"column":0},"end":{"line":1,"column":49}},"1":{"start":{"line":2,"column":0},"end":{"line":2,"column":55}},"2":{"start":{"line":5,"column":7},"end":{"line":12,"column":null}},"3":{"start":{"line":6,"column":31},"end":{"line":6,"column":49}},"4":{"start":{"line":10,"column":4},"end":{"line":10,"column":42}},"5":{"start":{"line":5,"column":13},"end":{"line":5,"column":32}},"6":{"start":{"line":9,"column":2},"end":{"line":11,"column":null}},"7":{"start":{"line":5,"column":13},"end":{"line":12,"column":null}}},"fnMap":{"0":{"name":"(anonymous_2)","decl":{"start":{"line":6,"column":2},"end":{"line":6,"column":31}},"loc":{"start":{"line":6,"column":65},"end":{"line":6,"column":69}}},"1":{"name":"(anonymous_3)","decl":{"start":{"line":9,"column":2},"end":{"line":9,"column":14}},"loc":{"start":{"line":9,"column":14},"end":{"line":11,"column":3}}}},"branchMap":{"0":{"loc":{"start":{"line":6,"column":49},"end":{"line":6,"column":68}},"type":"cond-expr","locations":[{"start":{"line":6,"column":65},"end":{"line":6,"column":68}},{"start":{"line":6,"column":65},"end":{"line":6,"column":68}}]},"1":{"loc":{"start":{"line":6,"column":49},"end":{"line":6,"column":65}},"type":"binary-expr","locations":[{"start":{"line":6,"column":49},"end":{"line":6,"column":68}},{"start":{"line":6,"column":49},"end":{"line":6,"column":65}}]}},"s":{"0":0,"1":0,"2":0,"3":0,"4":0,"5":0,"6":0,"7":0},"f":{"0":0,"1":0},"b":{"0":[0,0],"1":[0,0]}}
,"C:\\Users\\jamie\\Desktop\\Backend-Elysio\\src\\interests\\interests.service.ts": {"path":"C:\\Users\\jamie\\Desktop\\Backend-Elysio\\src\\interests\\interests.service.ts","statementMap":{"0":{"start":{"line":1,"column":0},"end":{"line":1,"column":44}},"1":{"start":{"line":2,"column":0},"end":{"line":2,"column":51}},"2":{"start":{"line":3,"column":0},"end":{"line":3,"column":37}},"3":{"start":{"line":4,"column":0},"end":{"line":4,"column":64}},"4":{"start":{"line":5,"column":0},"end":{"line":5,"column":81}},"5":{"start":{"line":8,"column":7},"end":{"line":32,"column":null}},"6":{"start":{"line":11,"column":12},"end":{"line":11,"column":32}},"7":{"start":{"line":14,"column":12},"end":{"line":14,"column":26}},"8":{"start":{"line":18,"column":23},"end":{"line":20,"column":6}},"9":{"start":{"line":21,"column":19},"end":{"line":21,"column":21}},"10":{"start":{"line":23,"column":4},"end":{"line":28,"column":5}},"11":{"start":{"line":24,"column":6},"end":{"line":27,"column":10}},"12":{"start":{"line":24,"column":62},"end":{"line":27,"column":8}},"13":{"start":{"line":30,"column":4},"end":{"line":30,"column":18}},"14":{"start":{"line":8,"column":13},"end":{"line":8,"column":29}},"15":{"start":{"line":8,"column":13},"end":{"line":32,"column":null}}},"fnMap":{"0":{"name":"(anonymous_4)","decl":{"start":{"line":9,"column":2},"end":{"line":9,"column":null}},"loc":{"start":{"line":14,"column":54},"end":{"line":15,"column":6}}},"1":{"name":"(anonymous_5)","decl":{"start":{"line":17,"column":2},"end":{"line":17,"column":7}},"loc":{"start":{"line":17,"column":14},"end":{"line":31,"column":3}}},"2":{"name":"(anonymous_6)","decl":{"start":{"line":24,"column":54},"end":{"line":24,"column":55}},"loc":{"start":{"line":24,"column":62},"end":{"line":27,"column":8}}}},"branchMap":{"0":{"loc":{"start":{"line":11,"column":32},"end":{"line":11,"column":52}},"type":"cond-expr","locations":[{"start":{"line":11,"column":42},"end":{"line":11,"column":52}},{"start":{"line":11,"column":42},"end":{"line":11,"column":52}}]},"1":{"loc":{"start":{"line":11,"column":32},"end":{"line":11,"column":42}},"type":"binary-expr","locations":[{"start":{"line":11,"column":32},"end":{"line":11,"column":52}},{"start":{"line":11,"column":32},"end":{"line":11,"column":42}}]},"2":{"loc":{"start":{"line":11,"column":42},"end":{"line":14,"column":54}},"type":"cond-expr","locations":[{"start":{"line":14,"column":36},"end":{"line":14,"column":54}},{"start":{"line":14,"column":36},"end":{"line":14,"column":54}}]},"3":{"loc":{"start":{"line":11,"column":42},"end":{"line":14,"column":36}},"type":"binary-expr","locations":[{"start":{"line":11,"column":42},"end":{"line":14,"column":54}},{"start":{"line":14,"column":26},"end":{"line":14,"column":36}}]}},"s":{"0":0,"1":0,"2":0,"3":0,"4":0,"5":0,"6":0,"7":0,"8":0,"9":0,"10":0,"11":0,"12":0,"13":0,"14":0,"15":0},"f":{"0":0,"1":0,"2":0},"b":{"0":[0,0],"1":[0,0],"2":[0,0],"3":[0,0]}}
,"C:\\Users\\jamie\\Desktop\\Backend-Elysio\\src\\users\\users.controller.ts": {"path":"C:\\Users\\jamie\\Desktop\\Backend-Elysio\\src\\users\\users.controller.ts","statementMap":{"0":{"start":{"line":1,"column":0},"end":{"line":1,"column":44}},"1":{"start":{"line":2,"column":0},"end":{"line":2,"column":47}},"2":{"start":{"line":5,"column":7},"end":{"line":7,"column":null}},"3":{"start":{"line":6,"column":31},"end":{"line":6,"column":45}},"4":{"start":{"line":5,"column":13},"end":{"line":5,"column":28}},"5":{"start":{"line":5,"column":13},"end":{"line":7,"column":null}}},"fnMap":{"0":{"name":"(anonymous_2)","decl":{"start":{"line":6,"column":2},"end":{"line":6,"column":31}},"loc":{"start":{"line":6,"column":57},"end":{"line":6,"column":61}}}},"branchMap":{"0":{"loc":{"start":{"line":6,"column":45},"end":{"line":6,"column":60}},"type":"cond-expr","locations":[{"start":{"line":6,"column":57},"end":{"line":6,"column":60}},{"start":{"line":6,"column":57},"end":{"line":6,"column":60}}]},"1":{"loc":{"start":{"line":6,"column":45},"end":{"line":6,"column":57}},"type":"binary-expr","locations":[{"start":{"line":6,"column":45},"end":{"line":6,"column":60}},{"start":{"line":6,"column":45},"end":{"line":6,"column":57}}]}},"s":{"0":1,"1":1,"2":1,"3":1,"4":1,"5":1},"f":{"0":1},"b":{"0":[1,0],"1":[1,1]}}
,"C:\\Users\\jamie\\Desktop\\Backend-Elysio\\src\\users\\users.service.ts": {"path":"C:\\Users\\jamie\\Desktop\\Backend-Elysio\\src\\users\\users.service.ts","statementMap":{"0":{"start":{"line":1,"column":0},"end":{"line":1,"column":63}},"1":{"start":{"line":2,"column":0},"end":{"line":2,"column":51}},"2":{"start":{"line":3,"column":0},"end":{"line":3,"column":37}},"3":{"start":{"line":4,"column":0},"end":{"line":4,"column":56}},"4":{"start":{"line":7,"column":0},"end":{"line":7,"column":33}},"5":{"start":{"line":10,"column":7},"end":{"line":74,"column":null}},"6":{"start":{"line":13,"column":12},"end":{"line":13,"column":28}},"7":{"start":{"line":17,"column":27},"end":{"line":17,"column":62}},"8":{"start":{"line":19,"column":17},"end":{"line":22,"column":6}},"9":{"start":{"line":24,"column":18},"end":{"line":24,"column":54}},"10":{"start":{"line":26,"column":4},"end":{"line":26,"column":40}},"11":{"start":{"line":30,"column":4},"end":{"line":30,"column":42}},"12":{"start":{"line":34,"column":4},"end":{"line":48,"column":6}},"13":{"start":{"line":51,"column":4},"end":{"line":51,"column":38}},"14":{"start":{"line":55,"column":17},"end":{"line":57,"column":6}},"15":{"start":{"line":59,"column":4},"end":{"line":61,"column":5}},"16":{"start":{"line":60,"column":6},"end":{"line":60,"column":52}},"17":{"start":{"line":63,"column":4},"end":{"line":63,"column":16}},"18":{"start":{"line":67,"column":4},"end":{"line":72,"column":7}},"19":{"start":{"line":10,"column":13},"end":{"line":10,"column":25}},"20":{"start":{"line":10,"column":13},"end":{"line":74,"column":null}}},"fnMap":{"0":{"name":"(anonymous_13)","decl":{"start":{"line":11,"column":2},"end":{"line":11,"column":null}},"loc":{"start":{"line":13,"column":44},"end":{"line":14,"column":6}}},"1":{"name":"(anonymous_14)","decl":{"start":{"line":16,"column":2},"end":{"line":16,"column":7}},"loc":{"start":{"line":16,"column":33},"end":{"line":27,"column":3}}},"2":{"name":"(anonymous_15)","decl":{"start":{"line":29,"column":2},"end":{"line":29,"column":7}},"loc":{"start":{"line":29,"column":23},"end":{"line":31,"column":3}}},"3":{"name":"(anonymous_16)","decl":{"start":{"line":33,"column":10},"end":{"line":33,"column":26}},"loc":{"start":{"line":33,"column":37},"end":{"line":49,"column":3}}},"4":{"name":"(anonymous_17)","decl":{"start":{"line":50,"column":2},"end":{"line":50,"column":7}},"loc":{"start":{"line":50,"column":15},"end":{"line":52,"column":3}}},"5":{"name":"(anonymous_18)","decl":{"start":{"line":54,"column":2},"end":{"line":54,"column":7}},"loc":{"start":{"line":54,"column":33},"end":{"line":64,"column":3}}},"6":{"name":"(anonymous_19)","decl":{"start":{"line":66,"column":2},"end":{"line":66,"column":7}},"loc":{"start":{"line":66,"column":50},"end":{"line":73,"column":3}}}},"branchMap":{"0":{"loc":{"start":{"line":59,"column":4},"end":{"line":61,"column":5}},"type":"if","locations":[{"start":{"line":59,"column":4},"end":{"line":61,"column":5}},{"start":{},"end":{}}]},"1":{"loc":{"start":{"line":13,"column":28},"end":{"line":13,"column":44}},"type":"cond-expr","locations":[{"start":{"line":13,"column":38},"end":{"line":13,"column":44}},{"start":{"line":13,"column":38},"end":{"line":13,"column":44}}]},"2":{"loc":{"start":{"line":13,"column":28},"end":{"line":13,"column":38}},"type":"binary-expr","locations":[{"start":{"line":13,"column":28},"end":{"line":13,"column":44}},{"start":{"line":13,"column":28},"end":{"line":13,"column":38}}]}},"s":{"0":2,"1":2,"2":2,"3":2,"4":2,"5":2,"6":2,"7":0,"8":0,"9":0,"10":0,"11":0,"12":0,"13":0,"14":0,"15":0,"16":0,"17":0,"18":0,"19":2,"20":2},"f":{"0":2,"1":0,"2":0,"3":0,"4":0,"5":0,"6":0},"b":{"0":[0,0],"1":[2,0],"2":[2,2]}}
}
